<?xml version="1.0" encoding="UTF-8"?>
<!-- Generated by org.testng.reporters.JUnitReportReporter -->
<testsuite hostname="LAPTOP-7PT6S8TT" failures="0" tests="1" name="cucumberOptions.TestNGTestRunner" time="6.528" errors="0" timestamp="2025-08-25T01:35:38 IST" skipped="0">
  <testcase classname="cucumberOptions.TestNGTestRunner" name="runScenario" time="6.528"/>
</testsuite> <!-- cucumberOptions.TestNGTestRunner -->
